<?xml version="1.0" encoding="UTF-8"?>
<!-- Generated by org.testng.reporters.JUnitReportReporter -->
<testsuite hostname="PC" name="com.spicejetProject.testCases.TC_LoginPage_001" tests="1" failures="0" timestamp="4 May 2020 07:14:51 GMT" time="46.369" errors="0">
  <testcase name="loginTest" time="46.369" classname="com.spicejetProject.testCases.TC_LoginPage_001"/>
</testsuite> <!-- com.spicejetProject.testCases.TC_LoginPage_001 -->
